<?xml version="1.0" encoding="UTF-8"?>
<!-- Generated by org.testng.reporters.JUnitXMLReporter -->
<testsuite ignored="0" hostname="DESKTOP-KF77M1R" failures="0" tests="4" name="Place API Test Scenarios" time="10.485" errors="0" timestamp="2025-05-29T00:37:16 IST">
  <testcase classname="tests.PlaceTests" name="testAddPlace" time="1.863"/>
  <testcase classname="tests.PlaceTests" name="testGetPlace" time="1.416"/>
  <testcase classname="tests.PlaceTests" name="testUpdatePlace" time="4.623"/>
  <testcase classname="tests.PlaceTests" name="testDeletePlace" time="2.283"/>
</testsuite> <!-- Place API Test Scenarios -->
