<?xml version="1.0" encoding="UTF-8"?>
<!-- Generated by org.testng.reporters.JUnitXMLReporter -->
<testsuite ignored="0" hostname="DESKTOP-KF77M1R" failures="0" tests="4" name="Default test" time="10.681" errors="0" timestamp="2025-05-29T01:22:54 IST">
  <testcase classname="tests.PlaceTests" name="testAddPlace" time="1.779"/>
  <testcase classname="tests.PlaceTests" name="testGetPlace" time="2.545"/>
  <testcase classname="tests.PlaceTests" name="testUpdatePlace" time="4.049"/>
  <testcase classname="tests.PlaceTests" name="testDeletePlace" time="2.009"/>
</testsuite> <!-- Default test -->
