<?xml version="1.0" encoding="UTF-8"?>
<testng-results ignored="0" total="4" passed="4" failed="0" skipped="0">
  <reporter-output>
  </reporter-output>
  <suite started-at="2025-05-29T01:22:44 IST" name="Default suite" finished-at="2025-05-29T01:22:54 IST" duration-ms="10681">
    <groups>
    </groups>
    <test started-at="2025-05-29T01:22:44 IST" name="Default test" finished-at="2025-05-29T01:22:54 IST" duration-ms="10681">
      <class name="tests.PlaceTests">
        <test-method is-config="true" signature="setup()[pri:0, instance:tests.PlaceTests@3857f613]" started-at="2025-05-29T01:22:44 IST" name="setup" finished-at="2025-05-29T01:22:44 IST" duration-ms="262" status="PASS">
          <reporter-output>
          </reporter-output>
        </test-method> <!-- setup -->
        <test-method signature="testAddPlace()[pri:1, instance:tests.PlaceTests@3857f613]" started-at="2025-05-29T01:22:44 IST" name="testAddPlace" finished-at="2025-05-29T01:22:46 IST" duration-ms="1779" status="PASS">
          <reporter-output>
          </reporter-output>
        </test-method> <!-- testAddPlace -->
        <test-method signature="testGetPlace()[pri:2, instance:tests.PlaceTests@3857f613]" started-at="2025-05-29T01:22:46 IST" name="testGetPlace" finished-at="2025-05-29T01:22:48 IST" depends-on-methods="tests.PlaceTests.testAddPlace" duration-ms="2545" status="PASS">
          <reporter-output>
          </reporter-output>
        </test-method> <!-- testGetPlace -->
        <test-method signature="testUpdatePlace()[pri:3, instance:tests.PlaceTests@3857f613]" started-at="2025-05-29T01:22:48 IST" name="testUpdatePlace" finished-at="2025-05-29T01:22:52 IST" depends-on-methods="tests.PlaceTests.testGetPlace" duration-ms="4049" status="PASS">
          <reporter-output>
          </reporter-output>
        </test-method> <!-- testUpdatePlace -->
        <test-method signature="testDeletePlace()[pri:4, instance:tests.PlaceTests@3857f613]" started-at="2025-05-29T01:22:52 IST" name="testDeletePlace" finished-at="2025-05-29T01:22:54 IST" depends-on-methods="tests.PlaceTests.testUpdatePlace" duration-ms="2009" status="PASS">
          <reporter-output>
          </reporter-output>
        </test-method> <!-- testDeletePlace -->
      </class> <!-- tests.PlaceTests -->
    </test> <!-- Default test -->
  </suite> <!-- Default suite -->
</testng-results>
