<?xml version="1.0" encoding="UTF-8"?>
<testng-results ignored="0" total="4" passed="4" failed="0" skipped="0">
  <reporter-output>
  </reporter-output>
  <suite started-at="2025-05-29T00:37:05 IST" name="Maps API Automation Suite" finished-at="2025-05-29T00:37:16 IST" duration-ms="10485">
    <groups>
    </groups>
    <test started-at="2025-05-29T00:37:05 IST" name="Place API Test Scenarios" finished-at="2025-05-29T00:37:16 IST" duration-ms="10485">
      <class name="tests.PlaceTests">
        <test-method is-config="true" signature="setup()[pri:0, instance:tests.PlaceTests@3857f613]" started-at="2025-05-29T00:37:05 IST" name="setup" finished-at="2025-05-29T00:37:05 IST" duration-ms="265" status="PASS">
          <reporter-output>
          </reporter-output>
        </test-method> <!-- setup -->
        <test-method signature="testAddPlace()[pri:1, instance:tests.PlaceTests@3857f613]" started-at="2025-05-29T00:37:05 IST" name="testAddPlace" finished-at="2025-05-29T00:37:07 IST" duration-ms="1863" status="PASS">
          <reporter-output>
          </reporter-output>
        </test-method> <!-- testAddPlace -->
        <test-method signature="testGetPlace()[pri:2, instance:tests.PlaceTests@3857f613]" started-at="2025-05-29T00:37:07 IST" name="testGetPlace" finished-at="2025-05-29T00:37:09 IST" depends-on-methods="tests.PlaceTests.testAddPlace" duration-ms="1416" status="PASS">
          <reporter-output>
          </reporter-output>
        </test-method> <!-- testGetPlace -->
        <test-method signature="testUpdatePlace()[pri:3, instance:tests.PlaceTests@3857f613]" started-at="2025-05-29T00:37:09 IST" name="testUpdatePlace" finished-at="2025-05-29T00:37:13 IST" depends-on-methods="tests.PlaceTests.testGetPlace" duration-ms="4623" status="PASS">
          <reporter-output>
          </reporter-output>
        </test-method> <!-- testUpdatePlace -->
        <test-method signature="testDeletePlace()[pri:4, instance:tests.PlaceTests@3857f613]" started-at="2025-05-29T00:37:13 IST" name="testDeletePlace" finished-at="2025-05-29T00:37:16 IST" depends-on-methods="tests.PlaceTests.testUpdatePlace" duration-ms="2283" status="PASS">
          <reporter-output>
          </reporter-output>
        </test-method> <!-- testDeletePlace -->
      </class> <!-- tests.PlaceTests -->
    </test> <!-- Place API Test Scenarios -->
  </suite> <!-- Maps API Automation Suite -->
</testng-results>
